2021-05-28 00:22:22.238  INFO 19464 --- [main] com.jacky.CommentTests                   : Starting CommentTests using Java 1.8.0_281 on LAPTOP-VJLT4RKG with PID 19464 (started by jacky in C:\project\code\java\spring-boot-demo)
2021-05-28 00:22:22.249 DEBUG 19464 --- [main] com.jacky.CommentTests                   : Running with Spring Boot v2.4.5, Spring v5.3.6
2021-05-28 00:22:22.250  INFO 19464 --- [main] com.jacky.CommentTests                   : The following profiles are active: dev
2021-05-28 00:22:25.575  INFO 19464 --- [main] .s.d.r.c.RepositoryConfigurationDelegate : Bootstrapping Spring Data JPA repositories in DEFAULT mode.
2021-05-28 00:22:25.735  INFO 19464 --- [main] .s.d.r.c.RepositoryConfigurationDelegate : Finished Spring Data repository scanning in 140 ms. Found 6 JPA repository interfaces.
2021-05-28 00:22:26.954  INFO 19464 --- [main] o.hibernate.jpa.internal.util.LogHelper  : HHH000204: Processing PersistenceUnitInfo [name: default]
2021-05-28 00:22:27.090  INFO 19464 --- [main] org.hibernate.Version                    : HHH000412: Hibernate ORM core version 5.4.30.Final
2021-05-28 00:22:27.354  INFO 19464 --- [main] o.hibernate.annotations.common.Version   : HCANN000001: Hibernate Commons Annotations {5.1.2.Final}
2021-05-28 00:22:28.102  INFO 19464 --- [main] com.zaxxer.hikari.HikariDataSource       : HikariPool-1 - Starting...
2021-05-28 00:22:29.348  INFO 19464 --- [main] com.zaxxer.hikari.HikariDataSource       : HikariPool-1 - Start completed.
2021-05-28 00:22:29.431  INFO 19464 --- [main] org.hibernate.dialect.Dialect            : HHH000400: Using dialect: org.hibernate.dialect.MySQL8Dialect
2021-05-28 00:22:31.117  INFO 19464 --- [main] o.h.e.t.j.p.i.JtaPlatformInitiator       : HHH000490: Using JtaPlatform implementation: [org.hibernate.engine.transaction.jta.platform.internal.NoJtaPlatform]
2021-05-28 00:22:31.141  INFO 19464 --- [main] j.LocalContainerEntityManagerFactoryBean : Initialized JPA EntityManagerFactory for persistence unit 'default'
2021-05-28 00:22:33.582  WARN 19464 --- [main] JpaBaseConfiguration$JpaWebConfiguration : spring.jpa.open-in-view is enabled by default. Therefore, database queries may be performed during view rendering. Explicitly configure spring.jpa.open-in-view to disable this warning
2021-05-28 00:22:34.164  INFO 19464 --- [main] o.s.s.concurrent.ThreadPoolTaskExecutor  : Initializing ExecutorService 'applicationTaskExecutor'
2021-05-28 00:22:34.497  INFO 19464 --- [main] o.s.b.a.w.s.WelcomePageHandlerMapping    : Adding welcome page template: index
2021-05-28 00:22:35.347  INFO 19464 --- [main] com.jacky.CommentTests                   : Started CommentTests in 13.997 seconds (JVM running for 16.293)
2021-05-28 00:22:35.943  INFO 19464 --- [SpringContextShutdownHook] o.s.s.concurrent.ThreadPoolTaskExecutor  : Shutting down ExecutorService 'applicationTaskExecutor'
2021-05-28 00:22:35.947  INFO 19464 --- [SpringContextShutdownHook] j.LocalContainerEntityManagerFactoryBean : Closing JPA EntityManagerFactory for persistence unit 'default'
2021-05-28 00:22:35.951  INFO 19464 --- [SpringContextShutdownHook] com.zaxxer.hikari.HikariDataSource       : HikariPool-1 - Shutdown initiated...
2021-05-28 00:22:35.973  INFO 19464 --- [SpringContextShutdownHook] com.zaxxer.hikari.HikariDataSource       : HikariPool-1 - Shutdown completed.
2021-05-28 00:24:04.013  INFO 10756 --- [main] com.jacky.CommentTests                   : Starting CommentTests using Java 1.8.0_281 on LAPTOP-VJLT4RKG with PID 10756 (started by jacky in C:\project\code\java\spring-boot-demo)
2021-05-28 00:24:04.014 DEBUG 10756 --- [main] com.jacky.CommentTests                   : Running with Spring Boot v2.4.5, Spring v5.3.6
2021-05-28 00:24:04.015  INFO 10756 --- [main] com.jacky.CommentTests                   : The following profiles are active: dev
2021-05-28 00:24:05.681  INFO 10756 --- [main] .s.d.r.c.RepositoryConfigurationDelegate : Bootstrapping Spring Data JPA repositories in DEFAULT mode.
2021-05-28 00:24:05.898  INFO 10756 --- [main] .s.d.r.c.RepositoryConfigurationDelegate : Finished Spring Data repository scanning in 189 ms. Found 6 JPA repository interfaces.
2021-05-28 00:24:07.146  INFO 10756 --- [main] o.hibernate.jpa.internal.util.LogHelper  : HHH000204: Processing PersistenceUnitInfo [name: default]
2021-05-28 00:24:07.261  INFO 10756 --- [main] org.hibernate.Version                    : HHH000412: Hibernate ORM core version 5.4.30.Final
2021-05-28 00:24:07.547  INFO 10756 --- [main] o.hibernate.annotations.common.Version   : HCANN000001: Hibernate Commons Annotations {5.1.2.Final}
2021-05-28 00:24:08.244  INFO 10756 --- [main] com.zaxxer.hikari.HikariDataSource       : HikariPool-1 - Starting...
2021-05-28 00:24:09.459  INFO 10756 --- [main] com.zaxxer.hikari.HikariDataSource       : HikariPool-1 - Start completed.
2021-05-28 00:24:09.505  INFO 10756 --- [main] org.hibernate.dialect.Dialect            : HHH000400: Using dialect: org.hibernate.dialect.MySQL8Dialect
2021-05-28 00:24:11.139  INFO 10756 --- [main] o.h.e.t.j.p.i.JtaPlatformInitiator       : HHH000490: Using JtaPlatform implementation: [org.hibernate.engine.transaction.jta.platform.internal.NoJtaPlatform]
2021-05-28 00:24:11.165  INFO 10756 --- [main] j.LocalContainerEntityManagerFactoryBean : Initialized JPA EntityManagerFactory for persistence unit 'default'
2021-05-28 00:24:13.571  WARN 10756 --- [main] JpaBaseConfiguration$JpaWebConfiguration : spring.jpa.open-in-view is enabled by default. Therefore, database queries may be performed during view rendering. Explicitly configure spring.jpa.open-in-view to disable this warning
2021-05-28 00:24:14.088  INFO 10756 --- [main] o.s.s.concurrent.ThreadPoolTaskExecutor  : Initializing ExecutorService 'applicationTaskExecutor'
2021-05-28 00:24:14.379  INFO 10756 --- [main] o.s.b.a.w.s.WelcomePageHandlerMapping    : Adding welcome page template: index
2021-05-28 00:24:15.185  INFO 10756 --- [main] com.jacky.CommentTests                   : Started CommentTests in 12.075 seconds (JVM running for 14.741)
2021-05-28 00:24:15.654  INFO 10756 --- [SpringContextShutdownHook] o.s.s.concurrent.ThreadPoolTaskExecutor  : Shutting down ExecutorService 'applicationTaskExecutor'
2021-05-28 00:24:15.660  INFO 10756 --- [SpringContextShutdownHook] j.LocalContainerEntityManagerFactoryBean : Closing JPA EntityManagerFactory for persistence unit 'default'
2021-05-28 00:24:15.668  INFO 10756 --- [SpringContextShutdownHook] com.zaxxer.hikari.HikariDataSource       : HikariPool-1 - Shutdown initiated...
2021-05-28 00:24:15.695  INFO 10756 --- [SpringContextShutdownHook] com.zaxxer.hikari.HikariDataSource       : HikariPool-1 - Shutdown completed.
2021-05-28 00:31:26.939  INFO 10172 --- [main] com.jacky.CommentTests                   : Starting CommentTests using Java 1.8.0_281 on LAPTOP-VJLT4RKG with PID 10172 (started by jacky in C:\project\code\java\spring-boot-demo)
2021-05-28 00:31:26.941 DEBUG 10172 --- [main] com.jacky.CommentTests                   : Running with Spring Boot v2.4.5, Spring v5.3.6
2021-05-28 00:31:26.941  INFO 10172 --- [main] com.jacky.CommentTests                   : The following profiles are active: dev
2021-05-28 00:31:28.396  INFO 10172 --- [main] .s.d.r.c.RepositoryConfigurationDelegate : Bootstrapping Spring Data JPA repositories in DEFAULT mode.
2021-05-28 00:31:28.579  INFO 10172 --- [main] .s.d.r.c.RepositoryConfigurationDelegate : Finished Spring Data repository scanning in 163 ms. Found 6 JPA repository interfaces.
2021-05-28 00:31:29.827  INFO 10172 --- [main] o.hibernate.jpa.internal.util.LogHelper  : HHH000204: Processing PersistenceUnitInfo [name: default]
2021-05-28 00:31:29.939  INFO 10172 --- [main] org.hibernate.Version                    : HHH000412: Hibernate ORM core version 5.4.30.Final
2021-05-28 00:31:30.202  INFO 10172 --- [main] o.hibernate.annotations.common.Version   : HCANN000001: Hibernate Commons Annotations {5.1.2.Final}
2021-05-28 00:31:30.971  INFO 10172 --- [main] com.zaxxer.hikari.HikariDataSource       : HikariPool-1 - Starting...
2021-05-28 00:31:32.430  INFO 10172 --- [main] com.zaxxer.hikari.HikariDataSource       : HikariPool-1 - Start completed.
2021-05-28 00:31:32.493  INFO 10172 --- [main] org.hibernate.dialect.Dialect            : HHH000400: Using dialect: org.hibernate.dialect.MySQL8Dialect
2021-05-28 00:31:34.286  INFO 10172 --- [main] o.h.e.t.j.p.i.JtaPlatformInitiator       : HHH000490: Using JtaPlatform implementation: [org.hibernate.engine.transaction.jta.platform.internal.NoJtaPlatform]
2021-05-28 00:31:34.310  INFO 10172 --- [main] j.LocalContainerEntityManagerFactoryBean : Initialized JPA EntityManagerFactory for persistence unit 'default'
2021-05-28 00:31:37.290  WARN 10172 --- [main] JpaBaseConfiguration$JpaWebConfiguration : spring.jpa.open-in-view is enabled by default. Therefore, database queries may be performed during view rendering. Explicitly configure spring.jpa.open-in-view to disable this warning
2021-05-28 00:31:37.929  INFO 10172 --- [main] o.s.s.concurrent.ThreadPoolTaskExecutor  : Initializing ExecutorService 'applicationTaskExecutor'
2021-05-28 00:31:38.228  INFO 10172 --- [main] o.s.b.a.w.s.WelcomePageHandlerMapping    : Adding welcome page template: index
2021-05-28 00:31:39.151  INFO 10172 --- [main] com.jacky.CommentTests                   : Started CommentTests in 13.003 seconds (JVM running for 14.903)
2021-05-28 00:31:39.782  INFO 10172 --- [SpringContextShutdownHook] o.s.s.concurrent.ThreadPoolTaskExecutor  : Shutting down ExecutorService 'applicationTaskExecutor'
2021-05-28 00:31:39.784  INFO 10172 --- [SpringContextShutdownHook] j.LocalContainerEntityManagerFactoryBean : Closing JPA EntityManagerFactory for persistence unit 'default'
2021-05-28 00:31:39.788  INFO 10172 --- [SpringContextShutdownHook] com.zaxxer.hikari.HikariDataSource       : HikariPool-1 - Shutdown initiated...
2021-05-28 00:31:39.812  INFO 10172 --- [SpringContextShutdownHook] com.zaxxer.hikari.HikariDataSource       : HikariPool-1 - Shutdown completed.
2021-05-28 00:32:32.544  INFO 20060 --- [main] com.jacky.CommentTests                   : Starting CommentTests using Java 1.8.0_281 on LAPTOP-VJLT4RKG with PID 20060 (started by jacky in C:\project\code\java\spring-boot-demo)
2021-05-28 00:32:32.545 DEBUG 20060 --- [main] com.jacky.CommentTests                   : Running with Spring Boot v2.4.5, Spring v5.3.6
2021-05-28 00:32:32.546  INFO 20060 --- [main] com.jacky.CommentTests                   : The following profiles are active: dev
2021-05-28 00:32:33.763  INFO 20060 --- [main] .s.d.r.c.RepositoryConfigurationDelegate : Bootstrapping Spring Data JPA repositories in DEFAULT mode.
2021-05-28 00:32:33.954  INFO 20060 --- [main] .s.d.r.c.RepositoryConfigurationDelegate : Finished Spring Data repository scanning in 170 ms. Found 6 JPA repository interfaces.
2021-05-28 00:32:34.920  INFO 20060 --- [main] o.hibernate.jpa.internal.util.LogHelper  : HHH000204: Processing PersistenceUnitInfo [name: default]
2021-05-28 00:32:35.013  INFO 20060 --- [main] org.hibernate.Version                    : HHH000412: Hibernate ORM core version 5.4.30.Final
2021-05-28 00:32:35.214  INFO 20060 --- [main] o.hibernate.annotations.common.Version   : HCANN000001: Hibernate Commons Annotations {5.1.2.Final}
2021-05-28 00:32:35.832  INFO 20060 --- [main] com.zaxxer.hikari.HikariDataSource       : HikariPool-1 - Starting...
2021-05-28 00:32:36.823  INFO 20060 --- [main] com.zaxxer.hikari.HikariDataSource       : HikariPool-1 - Start completed.
2021-05-28 00:32:36.863  INFO 20060 --- [main] org.hibernate.dialect.Dialect            : HHH000400: Using dialect: org.hibernate.dialect.MySQL8Dialect
2021-05-28 00:32:38.425  INFO 20060 --- [main] o.h.e.t.j.p.i.JtaPlatformInitiator       : HHH000490: Using JtaPlatform implementation: [org.hibernate.engine.transaction.jta.platform.internal.NoJtaPlatform]
2021-05-28 00:32:38.447  INFO 20060 --- [main] j.LocalContainerEntityManagerFactoryBean : Initialized JPA EntityManagerFactory for persistence unit 'default'
2021-05-28 00:32:40.766  WARN 20060 --- [main] JpaBaseConfiguration$JpaWebConfiguration : spring.jpa.open-in-view is enabled by default. Therefore, database queries may be performed during view rendering. Explicitly configure spring.jpa.open-in-view to disable this warning
2021-05-28 00:32:41.319  INFO 20060 --- [main] o.s.s.concurrent.ThreadPoolTaskExecutor  : Initializing ExecutorService 'applicationTaskExecutor'
2021-05-28 00:32:41.607  INFO 20060 --- [main] o.s.b.a.w.s.WelcomePageHandlerMapping    : Adding welcome page template: index
2021-05-28 00:32:42.489  INFO 20060 --- [main] com.jacky.CommentTests                   : Started CommentTests in 10.569 seconds (JVM running for 12.527)
2021-05-28 00:32:42.991  INFO 20060 --- [SpringContextShutdownHook] o.s.s.concurrent.ThreadPoolTaskExecutor  : Shutting down ExecutorService 'applicationTaskExecutor'
2021-05-28 00:32:42.996  INFO 20060 --- [SpringContextShutdownHook] j.LocalContainerEntityManagerFactoryBean : Closing JPA EntityManagerFactory for persistence unit 'default'
2021-05-28 00:32:43.002  INFO 20060 --- [SpringContextShutdownHook] com.zaxxer.hikari.HikariDataSource       : HikariPool-1 - Shutdown initiated...
2021-05-28 00:32:43.025  INFO 20060 --- [SpringContextShutdownHook] com.zaxxer.hikari.HikariDataSource       : HikariPool-1 - Shutdown completed.
2021-05-28 00:37:42.280  INFO 14684 --- [main] com.jacky.ArticleTests                   : Starting ArticleTests using Java 1.8.0_281 on LAPTOP-VJLT4RKG with PID 14684 (started by jacky in C:\project\code\java\spring-boot-demo)
2021-05-28 00:37:42.282 DEBUG 14684 --- [main] com.jacky.ArticleTests                   : Running with Spring Boot v2.4.5, Spring v5.3.6
2021-05-28 00:37:42.282  INFO 14684 --- [main] com.jacky.ArticleTests                   : The following profiles are active: dev
2021-05-28 00:37:43.876  INFO 14684 --- [main] .s.d.r.c.RepositoryConfigurationDelegate : Bootstrapping Spring Data JPA repositories in DEFAULT mode.
2021-05-28 00:37:44.146  INFO 14684 --- [main] .s.d.r.c.RepositoryConfigurationDelegate : Finished Spring Data repository scanning in 238 ms. Found 6 JPA repository interfaces.
2021-05-28 00:37:45.438  INFO 14684 --- [main] o.hibernate.jpa.internal.util.LogHelper  : HHH000204: Processing PersistenceUnitInfo [name: default]
2021-05-28 00:37:45.551  INFO 14684 --- [main] org.hibernate.Version                    : HHH000412: Hibernate ORM core version 5.4.30.Final
2021-05-28 00:37:45.852  INFO 14684 --- [main] o.hibernate.annotations.common.Version   : HCANN000001: Hibernate Commons Annotations {5.1.2.Final}
2021-05-28 00:37:46.644  INFO 14684 --- [main] com.zaxxer.hikari.HikariDataSource       : HikariPool-1 - Starting...
2021-05-28 00:37:47.977  INFO 14684 --- [main] com.zaxxer.hikari.HikariDataSource       : HikariPool-1 - Start completed.
2021-05-28 00:37:48.053  INFO 14684 --- [main] org.hibernate.dialect.Dialect            : HHH000400: Using dialect: org.hibernate.dialect.MySQL8Dialect
2021-05-28 00:37:50.015  INFO 14684 --- [main] o.h.e.t.j.p.i.JtaPlatformInitiator       : HHH000490: Using JtaPlatform implementation: [org.hibernate.engine.transaction.jta.platform.internal.NoJtaPlatform]
2021-05-28 00:37:50.033  INFO 14684 --- [main] j.LocalContainerEntityManagerFactoryBean : Initialized JPA EntityManagerFactory for persistence unit 'default'
2021-05-28 00:37:52.618  WARN 14684 --- [main] JpaBaseConfiguration$JpaWebConfiguration : spring.jpa.open-in-view is enabled by default. Therefore, database queries may be performed during view rendering. Explicitly configure spring.jpa.open-in-view to disable this warning
2021-05-28 00:37:53.140  INFO 14684 --- [main] o.s.s.concurrent.ThreadPoolTaskExecutor  : Initializing ExecutorService 'applicationTaskExecutor'
2021-05-28 00:37:53.535  INFO 14684 --- [main] o.s.b.a.w.s.WelcomePageHandlerMapping    : Adding welcome page template: index
2021-05-28 00:37:54.451  INFO 14684 --- [main] com.jacky.ArticleTests                   : Started ArticleTests in 12.988 seconds (JVM running for 15.103)
2021-05-28 00:37:55.046  INFO 14684 --- [SpringContextShutdownHook] o.s.s.concurrent.ThreadPoolTaskExecutor  : Shutting down ExecutorService 'applicationTaskExecutor'
2021-05-28 00:37:55.054  INFO 14684 --- [SpringContextShutdownHook] j.LocalContainerEntityManagerFactoryBean : Closing JPA EntityManagerFactory for persistence unit 'default'
2021-05-28 00:37:55.067  INFO 14684 --- [SpringContextShutdownHook] com.zaxxer.hikari.HikariDataSource       : HikariPool-1 - Shutdown initiated...
2021-05-28 00:37:55.107  INFO 14684 --- [SpringContextShutdownHook] com.zaxxer.hikari.HikariDataSource       : HikariPool-1 - Shutdown completed.
2021-05-28 00:38:36.962  INFO 18216 --- [main] com.jacky.CommentTests                   : Starting CommentTests using Java 1.8.0_281 on LAPTOP-VJLT4RKG with PID 18216 (started by jacky in C:\project\code\java\spring-boot-demo)
2021-05-28 00:38:36.964 DEBUG 18216 --- [main] com.jacky.CommentTests                   : Running with Spring Boot v2.4.5, Spring v5.3.6
2021-05-28 00:38:36.964  INFO 18216 --- [main] com.jacky.CommentTests                   : The following profiles are active: dev
2021-05-28 00:38:37.829  INFO 18216 --- [main] .s.d.r.c.RepositoryConfigurationDelegate : Bootstrapping Spring Data JPA repositories in DEFAULT mode.
2021-05-28 00:38:37.909  INFO 18216 --- [main] .s.d.r.c.RepositoryConfigurationDelegate : Finished Spring Data repository scanning in 71 ms. Found 6 JPA repository interfaces.
2021-05-28 00:38:38.589  INFO 18216 --- [main] o.hibernate.jpa.internal.util.LogHelper  : HHH000204: Processing PersistenceUnitInfo [name: default]
2021-05-28 00:38:38.653  INFO 18216 --- [main] org.hibernate.Version                    : HHH000412: Hibernate ORM core version 5.4.30.Final
2021-05-28 00:38:38.810  INFO 18216 --- [main] o.hibernate.annotations.common.Version   : HCANN000001: Hibernate Commons Annotations {5.1.2.Final}
2021-05-28 00:38:39.288  INFO 18216 --- [main] com.zaxxer.hikari.HikariDataSource       : HikariPool-1 - Starting...
2021-05-28 00:38:40.065  INFO 18216 --- [main] com.zaxxer.hikari.HikariDataSource       : HikariPool-1 - Start completed.
2021-05-28 00:38:40.094  INFO 18216 --- [main] org.hibernate.dialect.Dialect            : HHH000400: Using dialect: org.hibernate.dialect.MySQL8Dialect
2021-05-28 00:38:41.039  INFO 18216 --- [main] o.h.e.t.j.p.i.JtaPlatformInitiator       : HHH000490: Using JtaPlatform implementation: [org.hibernate.engine.transaction.jta.platform.internal.NoJtaPlatform]
2021-05-28 00:38:41.050  INFO 18216 --- [main] j.LocalContainerEntityManagerFactoryBean : Initialized JPA EntityManagerFactory for persistence unit 'default'
2021-05-28 00:38:42.680  WARN 18216 --- [main] JpaBaseConfiguration$JpaWebConfiguration : spring.jpa.open-in-view is enabled by default. Therefore, database queries may be performed during view rendering. Explicitly configure spring.jpa.open-in-view to disable this warning
2021-05-28 00:38:42.950  INFO 18216 --- [main] o.s.s.concurrent.ThreadPoolTaskExecutor  : Initializing ExecutorService 'applicationTaskExecutor'
2021-05-28 00:38:43.099  INFO 18216 --- [main] o.s.b.a.w.s.WelcomePageHandlerMapping    : Adding welcome page template: index
2021-05-28 00:38:43.502  INFO 18216 --- [main] com.jacky.CommentTests                   : Started CommentTests in 6.964 seconds (JVM running for 8.249)
2021-05-28 00:38:43.736  INFO 18216 --- [SpringContextShutdownHook] o.s.s.concurrent.ThreadPoolTaskExecutor  : Shutting down ExecutorService 'applicationTaskExecutor'
2021-05-28 00:38:43.739  INFO 18216 --- [SpringContextShutdownHook] j.LocalContainerEntityManagerFactoryBean : Closing JPA EntityManagerFactory for persistence unit 'default'
2021-05-28 00:38:43.742  INFO 18216 --- [SpringContextShutdownHook] com.zaxxer.hikari.HikariDataSource       : HikariPool-1 - Shutdown initiated...
2021-05-28 00:38:43.761  INFO 18216 --- [SpringContextShutdownHook] com.zaxxer.hikari.HikariDataSource       : HikariPool-1 - Shutdown completed.
2021-05-28 00:39:28.061  INFO 3304 --- [main] com.jacky.CommentTests                   : Starting CommentTests using Java 1.8.0_281 on LAPTOP-VJLT4RKG with PID 3304 (started by jacky in C:\project\code\java\spring-boot-demo)
2021-05-28 00:39:28.062 DEBUG 3304 --- [main] com.jacky.CommentTests                   : Running with Spring Boot v2.4.5, Spring v5.3.6
2021-05-28 00:39:28.062  INFO 3304 --- [main] com.jacky.CommentTests                   : The following profiles are active: dev
2021-05-28 00:39:28.968  INFO 3304 --- [main] .s.d.r.c.RepositoryConfigurationDelegate : Bootstrapping Spring Data JPA repositories in DEFAULT mode.
2021-05-28 00:39:29.066  INFO 3304 --- [main] .s.d.r.c.RepositoryConfigurationDelegate : Finished Spring Data repository scanning in 90 ms. Found 6 JPA repository interfaces.
2021-05-28 00:39:29.705  INFO 3304 --- [main] o.hibernate.jpa.internal.util.LogHelper  : HHH000204: Processing PersistenceUnitInfo [name: default]
2021-05-28 00:39:29.764  INFO 3304 --- [main] org.hibernate.Version                    : HHH000412: Hibernate ORM core version 5.4.30.Final
2021-05-28 00:39:29.907  INFO 3304 --- [main] o.hibernate.annotations.common.Version   : HCANN000001: Hibernate Commons Annotations {5.1.2.Final}
2021-05-28 00:39:30.352  INFO 3304 --- [main] com.zaxxer.hikari.HikariDataSource       : HikariPool-1 - Starting...
2021-05-28 00:39:31.094  INFO 3304 --- [main] com.zaxxer.hikari.HikariDataSource       : HikariPool-1 - Start completed.
2021-05-28 00:39:31.122  INFO 3304 --- [main] org.hibernate.dialect.Dialect            : HHH000400: Using dialect: org.hibernate.dialect.MySQL8Dialect
2021-05-28 00:39:32.405  INFO 3304 --- [main] o.h.e.t.j.p.i.JtaPlatformInitiator       : HHH000490: Using JtaPlatform implementation: [org.hibernate.engine.transaction.jta.platform.internal.NoJtaPlatform]
2021-05-28 00:39:32.416  INFO 3304 --- [main] j.LocalContainerEntityManagerFactoryBean : Initialized JPA EntityManagerFactory for persistence unit 'default'
2021-05-28 00:39:33.626  WARN 3304 --- [main] JpaBaseConfiguration$JpaWebConfiguration : spring.jpa.open-in-view is enabled by default. Therefore, database queries may be performed during view rendering. Explicitly configure spring.jpa.open-in-view to disable this warning
2021-05-28 00:39:33.910  INFO 3304 --- [main] o.s.s.concurrent.ThreadPoolTaskExecutor  : Initializing ExecutorService 'applicationTaskExecutor'
2021-05-28 00:39:34.095  INFO 3304 --- [main] o.s.b.a.w.s.WelcomePageHandlerMapping    : Adding welcome page template: index
2021-05-28 00:39:34.670  INFO 3304 --- [main] com.jacky.CommentTests                   : Started CommentTests in 7.04 seconds (JVM running for 8.34)
2021-05-28 00:39:35.030  INFO 3304 --- [SpringContextShutdownHook] o.s.s.concurrent.ThreadPoolTaskExecutor  : Shutting down ExecutorService 'applicationTaskExecutor'
2021-05-28 00:39:35.033  INFO 3304 --- [SpringContextShutdownHook] j.LocalContainerEntityManagerFactoryBean : Closing JPA EntityManagerFactory for persistence unit 'default'
2021-05-28 00:39:35.035  INFO 3304 --- [SpringContextShutdownHook] com.zaxxer.hikari.HikariDataSource       : HikariPool-1 - Shutdown initiated...
2021-05-28 00:39:35.054  INFO 3304 --- [SpringContextShutdownHook] com.zaxxer.hikari.HikariDataSource       : HikariPool-1 - Shutdown completed.
2021-05-28 00:42:32.070  INFO 3808 --- [main] com.jacky.CommentTests                   : Starting CommentTests using Java 1.8.0_281 on LAPTOP-VJLT4RKG with PID 3808 (started by jacky in C:\project\code\java\spring-boot-demo)
2021-05-28 00:42:32.073 DEBUG 3808 --- [main] com.jacky.CommentTests                   : Running with Spring Boot v2.4.5, Spring v5.3.6
2021-05-28 00:42:32.073  INFO 3808 --- [main] com.jacky.CommentTests                   : The following profiles are active: dev
2021-05-28 00:42:33.688  INFO 3808 --- [main] .s.d.r.c.RepositoryConfigurationDelegate : Bootstrapping Spring Data JPA repositories in DEFAULT mode.
2021-05-28 00:42:33.997  INFO 3808 --- [main] .s.d.r.c.RepositoryConfigurationDelegate : Finished Spring Data repository scanning in 281 ms. Found 6 JPA repository interfaces.
2021-05-28 00:42:35.353  INFO 3808 --- [main] o.hibernate.jpa.internal.util.LogHelper  : HHH000204: Processing PersistenceUnitInfo [name: default]
2021-05-28 00:42:35.469  INFO 3808 --- [main] org.hibernate.Version                    : HHH000412: Hibernate ORM core version 5.4.30.Final
2021-05-28 00:42:35.744  INFO 3808 --- [main] o.hibernate.annotations.common.Version   : HCANN000001: Hibernate Commons Annotations {5.1.2.Final}
2021-05-28 00:42:36.461  INFO 3808 --- [main] com.zaxxer.hikari.HikariDataSource       : HikariPool-1 - Starting...
2021-05-28 00:42:37.687  INFO 3808 --- [main] com.zaxxer.hikari.HikariDataSource       : HikariPool-1 - Start completed.
2021-05-28 00:42:37.741  INFO 3808 --- [main] org.hibernate.dialect.Dialect            : HHH000400: Using dialect: org.hibernate.dialect.MySQL8Dialect
2021-05-28 00:42:39.462  INFO 3808 --- [main] o.h.e.t.j.p.i.JtaPlatformInitiator       : HHH000490: Using JtaPlatform implementation: [org.hibernate.engine.transaction.jta.platform.internal.NoJtaPlatform]
2021-05-28 00:42:39.481  INFO 3808 --- [main] j.LocalContainerEntityManagerFactoryBean : Initialized JPA EntityManagerFactory for persistence unit 'default'
2021-05-28 00:42:42.019  WARN 3808 --- [main] JpaBaseConfiguration$JpaWebConfiguration : spring.jpa.open-in-view is enabled by default. Therefore, database queries may be performed during view rendering. Explicitly configure spring.jpa.open-in-view to disable this warning
2021-05-28 00:42:42.654  INFO 3808 --- [main] o.s.s.concurrent.ThreadPoolTaskExecutor  : Initializing ExecutorService 'applicationTaskExecutor'
2021-05-28 00:42:42.954  INFO 3808 --- [main] o.s.b.a.w.s.WelcomePageHandlerMapping    : Adding welcome page template: index
2021-05-28 00:42:43.810  INFO 3808 --- [main] com.jacky.CommentTests                   : Started CommentTests in 12.744 seconds (JVM running for 15.581)
2021-05-28 00:42:44.381  INFO 3808 --- [SpringContextShutdownHook] o.s.s.concurrent.ThreadPoolTaskExecutor  : Shutting down ExecutorService 'applicationTaskExecutor'
2021-05-28 00:42:44.384  INFO 3808 --- [SpringContextShutdownHook] j.LocalContainerEntityManagerFactoryBean : Closing JPA EntityManagerFactory for persistence unit 'default'
2021-05-28 00:42:44.389  INFO 3808 --- [SpringContextShutdownHook] com.zaxxer.hikari.HikariDataSource       : HikariPool-1 - Shutdown initiated...
2021-05-28 00:42:44.401  INFO 3808 --- [SpringContextShutdownHook] com.zaxxer.hikari.HikariDataSource       : HikariPool-1 - Shutdown completed.
2021-05-28 00:43:09.294  INFO 14020 --- [main] com.jacky.CommentTests                   : Starting CommentTests using Java 1.8.0_281 on LAPTOP-VJLT4RKG with PID 14020 (started by jacky in C:\project\code\java\spring-boot-demo)
2021-05-28 00:43:09.295 DEBUG 14020 --- [main] com.jacky.CommentTests                   : Running with Spring Boot v2.4.5, Spring v5.3.6
2021-05-28 00:43:09.296  INFO 14020 --- [main] com.jacky.CommentTests                   : The following profiles are active: dev
2021-05-28 00:43:11.183  INFO 14020 --- [main] .s.d.r.c.RepositoryConfigurationDelegate : Bootstrapping Spring Data JPA repositories in DEFAULT mode.
2021-05-28 00:43:11.461  INFO 14020 --- [main] .s.d.r.c.RepositoryConfigurationDelegate : Finished Spring Data repository scanning in 250 ms. Found 6 JPA repository interfaces.
2021-05-28 00:43:12.837  INFO 14020 --- [main] o.hibernate.jpa.internal.util.LogHelper  : HHH000204: Processing PersistenceUnitInfo [name: default]
2021-05-28 00:43:13.036  INFO 14020 --- [main] org.hibernate.Version                    : HHH000412: Hibernate ORM core version 5.4.30.Final
2021-05-28 00:43:13.347  INFO 14020 --- [main] o.hibernate.annotations.common.Version   : HCANN000001: Hibernate Commons Annotations {5.1.2.Final}
2021-05-28 00:43:14.153  INFO 14020 --- [main] com.zaxxer.hikari.HikariDataSource       : HikariPool-1 - Starting...
2021-05-28 00:43:15.449  INFO 14020 --- [main] com.zaxxer.hikari.HikariDataSource       : HikariPool-1 - Start completed.
2021-05-28 00:43:15.522  INFO 14020 --- [main] org.hibernate.dialect.Dialect            : HHH000400: Using dialect: org.hibernate.dialect.MySQL8Dialect
2021-05-28 00:43:17.671  INFO 14020 --- [main] o.h.e.t.j.p.i.JtaPlatformInitiator       : HHH000490: Using JtaPlatform implementation: [org.hibernate.engine.transaction.jta.platform.internal.NoJtaPlatform]
2021-05-28 00:43:17.700  INFO 14020 --- [main] j.LocalContainerEntityManagerFactoryBean : Initialized JPA EntityManagerFactory for persistence unit 'default'
2021-05-28 00:43:20.595  WARN 14020 --- [main] JpaBaseConfiguration$JpaWebConfiguration : spring.jpa.open-in-view is enabled by default. Therefore, database queries may be performed during view rendering. Explicitly configure spring.jpa.open-in-view to disable this warning
2021-05-28 00:43:21.160  INFO 14020 --- [main] o.s.s.concurrent.ThreadPoolTaskExecutor  : Initializing ExecutorService 'applicationTaskExecutor'
2021-05-28 00:43:21.514  INFO 14020 --- [main] o.s.b.a.w.s.WelcomePageHandlerMapping    : Adding welcome page template: index
2021-05-28 00:43:22.410  INFO 14020 --- [main] com.jacky.CommentTests                   : Started CommentTests in 14.636 seconds (JVM running for 17.594)
2021-05-28 00:43:23.096  INFO 14020 --- [SpringContextShutdownHook] o.s.s.concurrent.ThreadPoolTaskExecutor  : Shutting down ExecutorService 'applicationTaskExecutor'
2021-05-28 00:43:23.100  INFO 14020 --- [SpringContextShutdownHook] j.LocalContainerEntityManagerFactoryBean : Closing JPA EntityManagerFactory for persistence unit 'default'
2021-05-28 00:43:23.107  INFO 14020 --- [SpringContextShutdownHook] com.zaxxer.hikari.HikariDataSource       : HikariPool-1 - Shutdown initiated...
2021-05-28 00:43:23.129  INFO 14020 --- [SpringContextShutdownHook] com.zaxxer.hikari.HikariDataSource       : HikariPool-1 - Shutdown completed.
2021-05-28 16:19:11.911  INFO 18928 --- [main] com.jacky.TopicTests                     : Starting TopicTests using Java 1.8.0_281 on LAPTOP-VJLT4RKG with PID 18928 (started by jacky in C:\project\code\java\spring-boot-demo)
2021-05-28 16:19:11.913 DEBUG 18928 --- [main] com.jacky.TopicTests                     : Running with Spring Boot v2.4.5, Spring v5.3.6
2021-05-28 16:19:11.914  INFO 18928 --- [main] com.jacky.TopicTests                     : The following profiles are active: dev
2021-05-28 16:19:13.533  INFO 18928 --- [main] .s.d.r.c.RepositoryConfigurationDelegate : Bootstrapping Spring Data JPA repositories in DEFAULT mode.
2021-05-28 16:19:13.735  INFO 18928 --- [main] .s.d.r.c.RepositoryConfigurationDelegate : Finished Spring Data repository scanning in 184 ms. Found 7 JPA repository interfaces.
2021-05-28 16:19:15.092  INFO 18928 --- [main] o.hibernate.jpa.internal.util.LogHelper  : HHH000204: Processing PersistenceUnitInfo [name: default]
2021-05-28 16:19:15.256  INFO 18928 --- [main] org.hibernate.Version                    : HHH000412: Hibernate ORM core version 5.4.30.Final
2021-05-28 16:19:15.589  INFO 18928 --- [main] o.hibernate.annotations.common.Version   : HCANN000001: Hibernate Commons Annotations {5.1.2.Final}
2021-05-28 16:19:16.363  INFO 18928 --- [main] com.zaxxer.hikari.HikariDataSource       : HikariPool-1 - Starting...
2021-05-28 16:19:17.839  INFO 18928 --- [main] com.zaxxer.hikari.HikariDataSource       : HikariPool-1 - Start completed.
2021-05-28 16:19:17.900  INFO 18928 --- [main] org.hibernate.dialect.Dialect            : HHH000400: Using dialect: org.hibernate.dialect.MySQL8Dialect
2021-05-28 16:19:19.635  INFO 18928 --- [main] o.h.e.t.j.p.i.JtaPlatformInitiator       : HHH000490: Using JtaPlatform implementation: [org.hibernate.engine.transaction.jta.platform.internal.NoJtaPlatform]
2021-05-28 16:19:19.648  INFO 18928 --- [main] j.LocalContainerEntityManagerFactoryBean : Initialized JPA EntityManagerFactory for persistence unit 'default'
2021-05-28 16:19:21.527  WARN 18928 --- [main] JpaBaseConfiguration$JpaWebConfiguration : spring.jpa.open-in-view is enabled by default. Therefore, database queries may be performed during view rendering. Explicitly configure spring.jpa.open-in-view to disable this warning
2021-05-28 16:19:21.918  INFO 18928 --- [main] o.s.s.concurrent.ThreadPoolTaskExecutor  : Initializing ExecutorService 'applicationTaskExecutor'
2021-05-28 16:19:22.130  INFO 18928 --- [main] o.s.b.a.w.s.WelcomePageHandlerMapping    : Adding welcome page template: index
2021-05-28 16:19:22.747  INFO 18928 --- [main] com.jacky.TopicTests                     : Started TopicTests in 11.585 seconds (JVM running for 14.975)
2021-05-28 16:19:23.135  INFO 18928 --- [SpringContextShutdownHook] o.s.s.concurrent.ThreadPoolTaskExecutor  : Shutting down ExecutorService 'applicationTaskExecutor'
2021-05-28 16:19:23.142  INFO 18928 --- [SpringContextShutdownHook] j.LocalContainerEntityManagerFactoryBean : Closing JPA EntityManagerFactory for persistence unit 'default'
2021-05-28 16:19:23.145  INFO 18928 --- [SpringContextShutdownHook] com.zaxxer.hikari.HikariDataSource       : HikariPool-1 - Shutdown initiated...
2021-05-28 16:19:23.165  INFO 18928 --- [SpringContextShutdownHook] com.zaxxer.hikari.HikariDataSource       : HikariPool-1 - Shutdown completed.
2021-05-28 16:22:02.783  INFO 7748 --- [main] com.jacky.TopicTests                     : Starting TopicTests using Java 1.8.0_281 on LAPTOP-VJLT4RKG with PID 7748 (started by jacky in C:\project\code\java\spring-boot-demo)
2021-05-28 16:22:02.785 DEBUG 7748 --- [main] com.jacky.TopicTests                     : Running with Spring Boot v2.4.5, Spring v5.3.6
2021-05-28 16:22:02.786  INFO 7748 --- [main] com.jacky.TopicTests                     : The following profiles are active: dev
2021-05-28 16:22:03.727  INFO 7748 --- [main] .s.d.r.c.RepositoryConfigurationDelegate : Bootstrapping Spring Data JPA repositories in DEFAULT mode.
2021-05-28 16:22:03.855  INFO 7748 --- [main] .s.d.r.c.RepositoryConfigurationDelegate : Finished Spring Data repository scanning in 114 ms. Found 7 JPA repository interfaces.
2021-05-28 16:22:04.607  INFO 7748 --- [main] o.hibernate.jpa.internal.util.LogHelper  : HHH000204: Processing PersistenceUnitInfo [name: default]
2021-05-28 16:22:04.678  INFO 7748 --- [main] org.hibernate.Version                    : HHH000412: Hibernate ORM core version 5.4.30.Final
2021-05-28 16:22:04.855  INFO 7748 --- [main] o.hibernate.annotations.common.Version   : HCANN000001: Hibernate Commons Annotations {5.1.2.Final}
2021-05-28 16:22:05.395  INFO 7748 --- [main] com.zaxxer.hikari.HikariDataSource       : HikariPool-1 - Starting...
2021-05-28 16:22:06.253  INFO 7748 --- [main] com.zaxxer.hikari.HikariDataSource       : HikariPool-1 - Start completed.
2021-05-28 16:22:06.280  INFO 7748 --- [main] org.hibernate.dialect.Dialect            : HHH000400: Using dialect: org.hibernate.dialect.MySQL8Dialect
2021-05-28 16:22:07.661  INFO 7748 --- [main] o.h.e.t.j.p.i.JtaPlatformInitiator       : HHH000490: Using JtaPlatform implementation: [org.hibernate.engine.transaction.jta.platform.internal.NoJtaPlatform]
2021-05-28 16:22:07.678  INFO 7748 --- [main] j.LocalContainerEntityManagerFactoryBean : Initialized JPA EntityManagerFactory for persistence unit 'default'
2021-05-28 16:22:10.064  WARN 7748 --- [main] JpaBaseConfiguration$JpaWebConfiguration : spring.jpa.open-in-view is enabled by default. Therefore, database queries may be performed during view rendering. Explicitly configure spring.jpa.open-in-view to disable this warning
2021-05-28 16:22:10.494  INFO 7748 --- [main] o.s.s.concurrent.ThreadPoolTaskExecutor  : Initializing ExecutorService 'applicationTaskExecutor'
2021-05-28 16:22:10.735  INFO 7748 --- [main] o.s.b.a.w.s.WelcomePageHandlerMapping    : Adding welcome page template: index
2021-05-28 16:22:11.455  INFO 7748 --- [main] com.jacky.TopicTests                     : Started TopicTests in 9.204 seconds (JVM running for 11.145)
2021-05-28 16:22:11.855  INFO 7748 --- [SpringContextShutdownHook] o.s.s.concurrent.ThreadPoolTaskExecutor  : Shutting down ExecutorService 'applicationTaskExecutor'
2021-05-28 16:22:11.859  INFO 7748 --- [SpringContextShutdownHook] j.LocalContainerEntityManagerFactoryBean : Closing JPA EntityManagerFactory for persistence unit 'default'
2021-05-28 16:22:11.863  INFO 7748 --- [SpringContextShutdownHook] com.zaxxer.hikari.HikariDataSource       : HikariPool-1 - Shutdown initiated...
2021-05-28 16:22:11.889  INFO 7748 --- [SpringContextShutdownHook] com.zaxxer.hikari.HikariDataSource       : HikariPool-1 - Shutdown completed.
2021-05-28 16:22:27.492  INFO 17820 --- [main] com.jacky.TopicTests                     : Starting TopicTests using Java 1.8.0_281 on LAPTOP-VJLT4RKG with PID 17820 (started by jacky in C:\project\code\java\spring-boot-demo)
2021-05-28 16:22:27.495 DEBUG 17820 --- [main] com.jacky.TopicTests                     : Running with Spring Boot v2.4.5, Spring v5.3.6
2021-05-28 16:22:27.495  INFO 17820 --- [main] com.jacky.TopicTests                     : The following profiles are active: dev
2021-05-28 16:22:28.653  INFO 17820 --- [main] .s.d.r.c.RepositoryConfigurationDelegate : Bootstrapping Spring Data JPA repositories in DEFAULT mode.
2021-05-28 16:22:28.811  INFO 17820 --- [main] .s.d.r.c.RepositoryConfigurationDelegate : Finished Spring Data repository scanning in 142 ms. Found 7 JPA repository interfaces.
2021-05-28 16:22:30.008  INFO 17820 --- [main] o.hibernate.jpa.internal.util.LogHelper  : HHH000204: Processing PersistenceUnitInfo [name: default]
2021-05-28 16:22:30.109  INFO 17820 --- [main] org.hibernate.Version                    : HHH000412: Hibernate ORM core version 5.4.30.Final
2021-05-28 16:22:30.936  INFO 17820 --- [main] o.hibernate.annotations.common.Version   : HCANN000001: Hibernate Commons Annotations {5.1.2.Final}
2021-05-28 16:22:31.844  INFO 17820 --- [main] com.zaxxer.hikari.HikariDataSource       : HikariPool-1 - Starting...
2021-05-28 16:22:33.468  INFO 17820 --- [main] com.zaxxer.hikari.HikariDataSource       : HikariPool-1 - Start completed.
2021-05-28 16:22:33.523  INFO 17820 --- [main] org.hibernate.dialect.Dialect            : HHH000400: Using dialect: org.hibernate.dialect.MySQL8Dialect
2021-05-28 16:22:35.411  INFO 17820 --- [main] o.h.e.t.j.p.i.JtaPlatformInitiator       : HHH000490: Using JtaPlatform implementation: [org.hibernate.engine.transaction.jta.platform.internal.NoJtaPlatform]
2021-05-28 16:22:35.434  INFO 17820 --- [main] j.LocalContainerEntityManagerFactoryBean : Initialized JPA EntityManagerFactory for persistence unit 'default'
2021-05-28 16:22:38.365  WARN 17820 --- [main] JpaBaseConfiguration$JpaWebConfiguration : spring.jpa.open-in-view is enabled by default. Therefore, database queries may be performed during view rendering. Explicitly configure spring.jpa.open-in-view to disable this warning
2021-05-28 16:22:38.931  INFO 17820 --- [main] o.s.s.concurrent.ThreadPoolTaskExecutor  : Initializing ExecutorService 'applicationTaskExecutor'
2021-05-28 16:22:39.457  INFO 17820 --- [main] o.s.b.a.w.s.WelcomePageHandlerMapping    : Adding welcome page template: index
2021-05-28 16:22:40.105  INFO 17820 --- [main] com.jacky.TopicTests                     : Started TopicTests in 13.538 seconds (JVM running for 15.037)
2021-05-28 16:22:40.679  INFO 17820 --- [SpringContextShutdownHook] o.s.s.concurrent.ThreadPoolTaskExecutor  : Shutting down ExecutorService 'applicationTaskExecutor'
2021-05-28 16:22:40.688  INFO 17820 --- [SpringContextShutdownHook] j.LocalContainerEntityManagerFactoryBean : Closing JPA EntityManagerFactory for persistence unit 'default'
2021-05-28 16:22:40.692  INFO 17820 --- [SpringContextShutdownHook] com.zaxxer.hikari.HikariDataSource       : HikariPool-1 - Shutdown initiated...
2021-05-28 16:22:40.704  INFO 17820 --- [SpringContextShutdownHook] com.zaxxer.hikari.HikariDataSource       : HikariPool-1 - Shutdown completed.
2021-05-28 16:23:42.189  INFO 11116 --- [main] com.jacky.TopicTests                     : Starting TopicTests using Java 1.8.0_281 on LAPTOP-VJLT4RKG with PID 11116 (started by jacky in C:\project\code\java\spring-boot-demo)
2021-05-28 16:23:42.190 DEBUG 11116 --- [main] com.jacky.TopicTests                     : Running with Spring Boot v2.4.5, Spring v5.3.6
2021-05-28 16:23:42.190  INFO 11116 --- [main] com.jacky.TopicTests                     : The following profiles are active: dev
2021-05-28 16:23:43.023  INFO 11116 --- [main] .s.d.r.c.RepositoryConfigurationDelegate : Bootstrapping Spring Data JPA repositories in DEFAULT mode.
2021-05-28 16:23:43.137  INFO 11116 --- [main] .s.d.r.c.RepositoryConfigurationDelegate : Finished Spring Data repository scanning in 104 ms. Found 7 JPA repository interfaces.
2021-05-28 16:23:43.862  INFO 11116 --- [main] o.hibernate.jpa.internal.util.LogHelper  : HHH000204: Processing PersistenceUnitInfo [name: default]
2021-05-28 16:23:43.979  INFO 11116 --- [main] org.hibernate.Version                    : HHH000412: Hibernate ORM core version 5.4.30.Final
2021-05-28 16:23:44.167  INFO 11116 --- [main] o.hibernate.annotations.common.Version   : HCANN000001: Hibernate Commons Annotations {5.1.2.Final}
2021-05-28 16:23:44.660  INFO 11116 --- [main] com.zaxxer.hikari.HikariDataSource       : HikariPool-1 - Starting...
2021-05-28 16:23:45.460  INFO 11116 --- [main] com.zaxxer.hikari.HikariDataSource       : HikariPool-1 - Start completed.
2021-05-28 16:23:45.490  INFO 11116 --- [main] org.hibernate.dialect.Dialect            : HHH000400: Using dialect: org.hibernate.dialect.MySQL8Dialect
2021-05-28 16:23:46.551  INFO 11116 --- [main] o.h.e.t.j.p.i.JtaPlatformInitiator       : HHH000490: Using JtaPlatform implementation: [org.hibernate.engine.transaction.jta.platform.internal.NoJtaPlatform]
2021-05-28 16:23:46.566  INFO 11116 --- [main] j.LocalContainerEntityManagerFactoryBean : Initialized JPA EntityManagerFactory for persistence unit 'default'
2021-05-28 16:23:48.150  WARN 11116 --- [main] JpaBaseConfiguration$JpaWebConfiguration : spring.jpa.open-in-view is enabled by default. Therefore, database queries may be performed during view rendering. Explicitly configure spring.jpa.open-in-view to disable this warning
2021-05-28 16:23:48.590  INFO 11116 --- [main] o.s.s.concurrent.ThreadPoolTaskExecutor  : Initializing ExecutorService 'applicationTaskExecutor'
2021-05-28 16:23:48.840  INFO 11116 --- [main] o.s.b.a.w.s.WelcomePageHandlerMapping    : Adding welcome page template: index
2021-05-28 16:23:49.538  INFO 11116 --- [main] com.jacky.TopicTests                     : Started TopicTests in 7.808 seconds (JVM running for 9.289)
2021-05-28 16:23:49.951  INFO 11116 --- [SpringContextShutdownHook] o.s.s.concurrent.ThreadPoolTaskExecutor  : Shutting down ExecutorService 'applicationTaskExecutor'
2021-05-28 16:23:49.955  INFO 11116 --- [SpringContextShutdownHook] j.LocalContainerEntityManagerFactoryBean : Closing JPA EntityManagerFactory for persistence unit 'default'
2021-05-28 16:23:49.959  INFO 11116 --- [SpringContextShutdownHook] com.zaxxer.hikari.HikariDataSource       : HikariPool-1 - Shutdown initiated...
2021-05-28 16:23:49.981  INFO 11116 --- [SpringContextShutdownHook] com.zaxxer.hikari.HikariDataSource       : HikariPool-1 - Shutdown completed.
2021-05-28 16:25:49.718  INFO 5664 --- [main] com.jacky.TopicTests                     : Starting TopicTests using Java 1.8.0_281 on LAPTOP-VJLT4RKG with PID 5664 (started by jacky in C:\project\code\java\spring-boot-demo)
2021-05-28 16:25:49.719 DEBUG 5664 --- [main] com.jacky.TopicTests                     : Running with Spring Boot v2.4.5, Spring v5.3.6
2021-05-28 16:25:49.719  INFO 5664 --- [main] com.jacky.TopicTests                     : The following profiles are active: dev
2021-05-28 16:25:50.661  INFO 5664 --- [main] .s.d.r.c.RepositoryConfigurationDelegate : Bootstrapping Spring Data JPA repositories in DEFAULT mode.
2021-05-28 16:25:50.795  INFO 5664 --- [main] .s.d.r.c.RepositoryConfigurationDelegate : Finished Spring Data repository scanning in 122 ms. Found 7 JPA repository interfaces.
2021-05-28 16:25:51.543  INFO 5664 --- [main] o.hibernate.jpa.internal.util.LogHelper  : HHH000204: Processing PersistenceUnitInfo [name: default]
2021-05-28 16:25:51.620  INFO 5664 --- [main] org.hibernate.Version                    : HHH000412: Hibernate ORM core version 5.4.30.Final
2021-05-28 16:25:51.833  INFO 5664 --- [main] o.hibernate.annotations.common.Version   : HCANN000001: Hibernate Commons Annotations {5.1.2.Final}
2021-05-28 16:25:52.411  INFO 5664 --- [main] com.zaxxer.hikari.HikariDataSource       : HikariPool-1 - Starting...
2021-05-28 16:25:53.406  INFO 5664 --- [main] com.zaxxer.hikari.HikariDataSource       : HikariPool-1 - Start completed.
2021-05-28 16:25:53.438  INFO 5664 --- [main] org.hibernate.dialect.Dialect            : HHH000400: Using dialect: org.hibernate.dialect.MySQL8Dialect
2021-05-28 16:25:54.734  INFO 5664 --- [main] o.h.e.t.j.p.i.JtaPlatformInitiator       : HHH000490: Using JtaPlatform implementation: [org.hibernate.engine.transaction.jta.platform.internal.NoJtaPlatform]
2021-05-28 16:25:54.750  INFO 5664 --- [main] j.LocalContainerEntityManagerFactoryBean : Initialized JPA EntityManagerFactory for persistence unit 'default'
2021-05-28 16:25:56.672  WARN 5664 --- [main] JpaBaseConfiguration$JpaWebConfiguration : spring.jpa.open-in-view is enabled by default. Therefore, database queries may be performed during view rendering. Explicitly configure spring.jpa.open-in-view to disable this warning
2021-05-28 16:25:57.083  INFO 5664 --- [main] o.s.s.concurrent.ThreadPoolTaskExecutor  : Initializing ExecutorService 'applicationTaskExecutor'
2021-05-28 16:25:57.306  INFO 5664 --- [main] o.s.b.a.w.s.WelcomePageHandlerMapping    : Adding welcome page template: index
2021-05-28 16:25:57.968  INFO 5664 --- [main] com.jacky.TopicTests                     : Started TopicTests in 8.742 seconds (JVM running for 10.366)
2021-05-28 16:25:58.613  INFO 5664 --- [SpringContextShutdownHook] o.s.s.concurrent.ThreadPoolTaskExecutor  : Shutting down ExecutorService 'applicationTaskExecutor'
2021-05-28 16:25:58.619  INFO 5664 --- [SpringContextShutdownHook] j.LocalContainerEntityManagerFactoryBean : Closing JPA EntityManagerFactory for persistence unit 'default'
2021-05-28 16:25:58.624  INFO 5664 --- [SpringContextShutdownHook] com.zaxxer.hikari.HikariDataSource       : HikariPool-1 - Shutdown initiated...
2021-05-28 16:25:58.646  INFO 5664 --- [SpringContextShutdownHook] com.zaxxer.hikari.HikariDataSource       : HikariPool-1 - Shutdown completed.
2021-05-28 16:27:55.781  INFO 17072 --- [main] com.jacky.TopicTests                     : Starting TopicTests using Java 1.8.0_281 on LAPTOP-VJLT4RKG with PID 17072 (started by jacky in C:\project\code\java\spring-boot-demo)
2021-05-28 16:27:55.783 DEBUG 17072 --- [main] com.jacky.TopicTests                     : Running with Spring Boot v2.4.5, Spring v5.3.6
2021-05-28 16:27:55.783  INFO 17072 --- [main] com.jacky.TopicTests                     : The following profiles are active: dev
2021-05-28 16:27:56.623  INFO 17072 --- [main] .s.d.r.c.RepositoryConfigurationDelegate : Bootstrapping Spring Data JPA repositories in DEFAULT mode.
2021-05-28 16:27:56.754  INFO 17072 --- [main] .s.d.r.c.RepositoryConfigurationDelegate : Finished Spring Data repository scanning in 117 ms. Found 7 JPA repository interfaces.
2021-05-28 16:27:57.459  INFO 17072 --- [main] o.hibernate.jpa.internal.util.LogHelper  : HHH000204: Processing PersistenceUnitInfo [name: default]
2021-05-28 16:27:57.520  INFO 17072 --- [main] org.hibernate.Version                    : HHH000412: Hibernate ORM core version 5.4.30.Final
2021-05-28 16:27:57.691  INFO 17072 --- [main] o.hibernate.annotations.common.Version   : HCANN000001: Hibernate Commons Annotations {5.1.2.Final}
2021-05-28 16:27:58.182  INFO 17072 --- [main] com.zaxxer.hikari.HikariDataSource       : HikariPool-1 - Starting...
2021-05-28 16:27:58.977  INFO 17072 --- [main] com.zaxxer.hikari.HikariDataSource       : HikariPool-1 - Start completed.
2021-05-28 16:27:59.003  INFO 17072 --- [main] org.hibernate.dialect.Dialect            : HHH000400: Using dialect: org.hibernate.dialect.MySQL8Dialect
2021-05-28 16:28:00.077  INFO 17072 --- [main] o.h.e.t.j.p.i.JtaPlatformInitiator       : HHH000490: Using JtaPlatform implementation: [org.hibernate.engine.transaction.jta.platform.internal.NoJtaPlatform]
2021-05-28 16:28:00.094  INFO 17072 --- [main] j.LocalContainerEntityManagerFactoryBean : Initialized JPA EntityManagerFactory for persistence unit 'default'
2021-05-28 16:28:01.683  WARN 17072 --- [main] JpaBaseConfiguration$JpaWebConfiguration : spring.jpa.open-in-view is enabled by default. Therefore, database queries may be performed during view rendering. Explicitly configure spring.jpa.open-in-view to disable this warning
2021-05-28 16:28:02.123  INFO 17072 --- [main] o.s.s.concurrent.ThreadPoolTaskExecutor  : Initializing ExecutorService 'applicationTaskExecutor'
2021-05-28 16:28:02.388  INFO 17072 --- [main] o.s.b.a.w.s.WelcomePageHandlerMapping    : Adding welcome page template: index
2021-05-28 16:28:03.102  INFO 17072 --- [main] com.jacky.TopicTests                     : Started TopicTests in 7.836 seconds (JVM running for 9.233)
2021-05-28 16:28:03.685  INFO 17072 --- [SpringContextShutdownHook] o.s.s.concurrent.ThreadPoolTaskExecutor  : Shutting down ExecutorService 'applicationTaskExecutor'
2021-05-28 16:28:03.688  INFO 17072 --- [SpringContextShutdownHook] j.LocalContainerEntityManagerFactoryBean : Closing JPA EntityManagerFactory for persistence unit 'default'
2021-05-28 16:28:03.692  INFO 17072 --- [SpringContextShutdownHook] com.zaxxer.hikari.HikariDataSource       : HikariPool-1 - Shutdown initiated...
2021-05-28 16:28:03.711  INFO 17072 --- [SpringContextShutdownHook] com.zaxxer.hikari.HikariDataSource       : HikariPool-1 - Shutdown completed.
2021-05-28 16:29:19.732  INFO 9696 --- [main] com.jacky.TopicTests                     : Starting TopicTests using Java 1.8.0_281 on LAPTOP-VJLT4RKG with PID 9696 (started by jacky in C:\project\code\java\spring-boot-demo)
2021-05-28 16:29:19.733 DEBUG 9696 --- [main] com.jacky.TopicTests                     : Running with Spring Boot v2.4.5, Spring v5.3.6
2021-05-28 16:29:19.734  INFO 9696 --- [main] com.jacky.TopicTests                     : The following profiles are active: dev
2021-05-28 16:29:20.560  INFO 9696 --- [main] .s.d.r.c.RepositoryConfigurationDelegate : Bootstrapping Spring Data JPA repositories in DEFAULT mode.
2021-05-28 16:29:20.678  INFO 9696 --- [main] .s.d.r.c.RepositoryConfigurationDelegate : Finished Spring Data repository scanning in 107 ms. Found 7 JPA repository interfaces.
2021-05-28 16:29:21.391  INFO 9696 --- [main] o.hibernate.jpa.internal.util.LogHelper  : HHH000204: Processing PersistenceUnitInfo [name: default]
2021-05-28 16:29:21.473  INFO 9696 --- [main] org.hibernate.Version                    : HHH000412: Hibernate ORM core version 5.4.30.Final
2021-05-28 16:29:21.638  INFO 9696 --- [main] o.hibernate.annotations.common.Version   : HCANN000001: Hibernate Commons Annotations {5.1.2.Final}
2021-05-28 16:29:22.131  INFO 9696 --- [main] com.zaxxer.hikari.HikariDataSource       : HikariPool-1 - Starting...
2021-05-28 16:29:22.931  INFO 9696 --- [main] com.zaxxer.hikari.HikariDataSource       : HikariPool-1 - Start completed.
2021-05-28 16:29:22.959  INFO 9696 --- [main] org.hibernate.dialect.Dialect            : HHH000400: Using dialect: org.hibernate.dialect.MySQL8Dialect
2021-05-28 16:29:24.017  INFO 9696 --- [main] o.h.e.t.j.p.i.JtaPlatformInitiator       : HHH000490: Using JtaPlatform implementation: [org.hibernate.engine.transaction.jta.platform.internal.NoJtaPlatform]
2021-05-28 16:29:24.028  INFO 9696 --- [main] j.LocalContainerEntityManagerFactoryBean : Initialized JPA EntityManagerFactory for persistence unit 'default'
2021-05-28 16:29:25.356  WARN 9696 --- [main] JpaBaseConfiguration$JpaWebConfiguration : spring.jpa.open-in-view is enabled by default. Therefore, database queries may be performed during view rendering. Explicitly configure spring.jpa.open-in-view to disable this warning
2021-05-28 16:29:25.648  INFO 9696 --- [main] o.s.s.concurrent.ThreadPoolTaskExecutor  : Initializing ExecutorService 'applicationTaskExecutor'
2021-05-28 16:29:25.802  INFO 9696 --- [main] o.s.b.a.w.s.WelcomePageHandlerMapping    : Adding welcome page template: index
2021-05-28 16:29:26.312  INFO 9696 --- [main] com.jacky.TopicTests                     : Started TopicTests in 7.03 seconds (JVM running for 8.368)
2021-05-28 16:29:26.717  INFO 9696 --- [SpringContextShutdownHook] o.s.s.concurrent.ThreadPoolTaskExecutor  : Shutting down ExecutorService 'applicationTaskExecutor'
2021-05-28 16:29:26.720  INFO 9696 --- [SpringContextShutdownHook] j.LocalContainerEntityManagerFactoryBean : Closing JPA EntityManagerFactory for persistence unit 'default'
2021-05-28 16:29:26.723  INFO 9696 --- [SpringContextShutdownHook] com.zaxxer.hikari.HikariDataSource       : HikariPool-1 - Shutdown initiated...
2021-05-28 16:29:26.742  INFO 9696 --- [SpringContextShutdownHook] com.zaxxer.hikari.HikariDataSource       : HikariPool-1 - Shutdown completed.
2021-05-28 16:29:39.435  INFO 10772 --- [main] com.jacky.TopicTests                     : Starting TopicTests using Java 1.8.0_281 on LAPTOP-VJLT4RKG with PID 10772 (started by jacky in C:\project\code\java\spring-boot-demo)
2021-05-28 16:29:39.439 DEBUG 10772 --- [main] com.jacky.TopicTests                     : Running with Spring Boot v2.4.5, Spring v5.3.6
2021-05-28 16:29:39.440  INFO 10772 --- [main] com.jacky.TopicTests                     : The following profiles are active: dev
2021-05-28 16:29:40.628  INFO 10772 --- [main] .s.d.r.c.RepositoryConfigurationDelegate : Bootstrapping Spring Data JPA repositories in DEFAULT mode.
2021-05-28 16:29:40.777  INFO 10772 --- [main] .s.d.r.c.RepositoryConfigurationDelegate : Finished Spring Data repository scanning in 133 ms. Found 7 JPA repository interfaces.
2021-05-28 16:29:41.706  INFO 10772 --- [main] o.hibernate.jpa.internal.util.LogHelper  : HHH000204: Processing PersistenceUnitInfo [name: default]
2021-05-28 16:29:41.795  INFO 10772 --- [main] org.hibernate.Version                    : HHH000412: Hibernate ORM core version 5.4.30.Final
2021-05-28 16:29:42.002  INFO 10772 --- [main] o.hibernate.annotations.common.Version   : HCANN000001: Hibernate Commons Annotations {5.1.2.Final}
2021-05-28 16:29:42.592  INFO 10772 --- [main] com.zaxxer.hikari.HikariDataSource       : HikariPool-1 - Starting...
2021-05-28 16:29:43.589  INFO 10772 --- [main] com.zaxxer.hikari.HikariDataSource       : HikariPool-1 - Start completed.
2021-05-28 16:29:43.630  INFO 10772 --- [main] org.hibernate.dialect.Dialect            : HHH000400: Using dialect: org.hibernate.dialect.MySQL8Dialect
2021-05-28 16:29:44.946  INFO 10772 --- [main] o.h.e.t.j.p.i.JtaPlatformInitiator       : HHH000490: Using JtaPlatform implementation: [org.hibernate.engine.transaction.jta.platform.internal.NoJtaPlatform]
2021-05-28 16:29:44.959  INFO 10772 --- [main] j.LocalContainerEntityManagerFactoryBean : Initialized JPA EntityManagerFactory for persistence unit 'default'
2021-05-28 16:29:46.776  WARN 10772 --- [main] JpaBaseConfiguration$JpaWebConfiguration : spring.jpa.open-in-view is enabled by default. Therefore, database queries may be performed during view rendering. Explicitly configure spring.jpa.open-in-view to disable this warning
2021-05-28 16:29:47.155  INFO 10772 --- [main] o.s.s.concurrent.ThreadPoolTaskExecutor  : Initializing ExecutorService 'applicationTaskExecutor'
2021-05-28 16:29:47.361  INFO 10772 --- [main] o.s.b.a.w.s.WelcomePageHandlerMapping    : Adding welcome page template: index
2021-05-28 16:29:47.996  INFO 10772 --- [main] com.jacky.TopicTests                     : Started TopicTests in 9.223 seconds (JVM running for 10.617)
2021-05-28 16:29:48.517  INFO 10772 --- [SpringContextShutdownHook] o.s.s.concurrent.ThreadPoolTaskExecutor  : Shutting down ExecutorService 'applicationTaskExecutor'
2021-05-28 16:29:48.522  INFO 10772 --- [SpringContextShutdownHook] j.LocalContainerEntityManagerFactoryBean : Closing JPA EntityManagerFactory for persistence unit 'default'
2021-05-28 16:29:48.527  INFO 10772 --- [SpringContextShutdownHook] com.zaxxer.hikari.HikariDataSource       : HikariPool-1 - Shutdown initiated...
2021-05-28 16:29:48.547  INFO 10772 --- [SpringContextShutdownHook] com.zaxxer.hikari.HikariDataSource       : HikariPool-1 - Shutdown completed.
2021-05-28 16:31:15.191  INFO 14404 --- [main] com.jacky.TopicTests                     : Starting TopicTests using Java 1.8.0_281 on LAPTOP-VJLT4RKG with PID 14404 (started by jacky in C:\project\code\java\spring-boot-demo)
2021-05-28 16:31:15.192 DEBUG 14404 --- [main] com.jacky.TopicTests                     : Running with Spring Boot v2.4.5, Spring v5.3.6
2021-05-28 16:31:15.193  INFO 14404 --- [main] com.jacky.TopicTests                     : The following profiles are active: dev
2021-05-28 16:31:16.027  INFO 14404 --- [main] .s.d.r.c.RepositoryConfigurationDelegate : Bootstrapping Spring Data JPA repositories in DEFAULT mode.
2021-05-28 16:31:16.121  INFO 14404 --- [main] .s.d.r.c.RepositoryConfigurationDelegate : Finished Spring Data repository scanning in 86 ms. Found 7 JPA repository interfaces.
2021-05-28 16:31:16.900  INFO 14404 --- [main] o.hibernate.jpa.internal.util.LogHelper  : HHH000204: Processing PersistenceUnitInfo [name: default]
2021-05-28 16:31:16.962  INFO 14404 --- [main] org.hibernate.Version                    : HHH000412: Hibernate ORM core version 5.4.30.Final
2021-05-28 16:31:17.111  INFO 14404 --- [main] o.hibernate.annotations.common.Version   : HCANN000001: Hibernate Commons Annotations {5.1.2.Final}
2021-05-28 16:31:17.581  INFO 14404 --- [main] com.zaxxer.hikari.HikariDataSource       : HikariPool-1 - Starting...
2021-05-28 16:31:18.335  INFO 14404 --- [main] com.zaxxer.hikari.HikariDataSource       : HikariPool-1 - Start completed.
2021-05-28 16:31:18.369  INFO 14404 --- [main] org.hibernate.dialect.Dialect            : HHH000400: Using dialect: org.hibernate.dialect.MySQL8Dialect
2021-05-28 16:31:19.360  INFO 14404 --- [main] o.h.e.t.j.p.i.JtaPlatformInitiator       : HHH000490: Using JtaPlatform implementation: [org.hibernate.engine.transaction.jta.platform.internal.NoJtaPlatform]
2021-05-28 16:31:19.371  INFO 14404 --- [main] j.LocalContainerEntityManagerFactoryBean : Initialized JPA EntityManagerFactory for persistence unit 'default'
2021-05-28 16:31:20.722  WARN 14404 --- [main] JpaBaseConfiguration$JpaWebConfiguration : spring.jpa.open-in-view is enabled by default. Therefore, database queries may be performed during view rendering. Explicitly configure spring.jpa.open-in-view to disable this warning
2021-05-28 16:31:20.968  INFO 14404 --- [main] o.s.s.concurrent.ThreadPoolTaskExecutor  : Initializing ExecutorService 'applicationTaskExecutor'
2021-05-28 16:31:21.103  INFO 14404 --- [main] o.s.b.a.w.s.WelcomePageHandlerMapping    : Adding welcome page template: index
2021-05-28 16:31:21.513  INFO 14404 --- [main] com.jacky.TopicTests                     : Started TopicTests in 6.767 seconds (JVM running for 8.086)
2021-05-28 16:31:21.845  INFO 14404 --- [SpringContextShutdownHook] o.s.s.concurrent.ThreadPoolTaskExecutor  : Shutting down ExecutorService 'applicationTaskExecutor'
2021-05-28 16:31:21.849  INFO 14404 --- [SpringContextShutdownHook] j.LocalContainerEntityManagerFactoryBean : Closing JPA EntityManagerFactory for persistence unit 'default'
2021-05-28 16:31:21.852  INFO 14404 --- [SpringContextShutdownHook] com.zaxxer.hikari.HikariDataSource       : HikariPool-1 - Shutdown initiated...
2021-05-28 16:31:21.868  INFO 14404 --- [SpringContextShutdownHook] com.zaxxer.hikari.HikariDataSource       : HikariPool-1 - Shutdown completed.
2021-05-28 16:33:56.291  INFO 6524 --- [main] com.jacky.TopicTests                     : Starting TopicTests using Java 1.8.0_281 on LAPTOP-VJLT4RKG with PID 6524 (started by jacky in C:\project\code\java\spring-boot-demo)
2021-05-28 16:33:56.292 DEBUG 6524 --- [main] com.jacky.TopicTests                     : Running with Spring Boot v2.4.5, Spring v5.3.6
2021-05-28 16:33:56.292  INFO 6524 --- [main] com.jacky.TopicTests                     : The following profiles are active: dev
2021-05-28 16:33:57.233  INFO 6524 --- [main] .s.d.r.c.RepositoryConfigurationDelegate : Bootstrapping Spring Data JPA repositories in DEFAULT mode.
2021-05-28 16:33:57.429  INFO 6524 --- [main] .s.d.r.c.RepositoryConfigurationDelegate : Finished Spring Data repository scanning in 177 ms. Found 7 JPA repository interfaces.
2021-05-28 16:33:58.398  INFO 6524 --- [main] o.hibernate.jpa.internal.util.LogHelper  : HHH000204: Processing PersistenceUnitInfo [name: default]
2021-05-28 16:33:58.461  INFO 6524 --- [main] org.hibernate.Version                    : HHH000412: Hibernate ORM core version 5.4.30.Final
2021-05-28 16:33:58.636  INFO 6524 --- [main] o.hibernate.annotations.common.Version   : HCANN000001: Hibernate Commons Annotations {5.1.2.Final}
2021-05-28 16:33:59.126  INFO 6524 --- [main] com.zaxxer.hikari.HikariDataSource       : HikariPool-1 - Starting...
2021-05-28 16:33:59.936  INFO 6524 --- [main] com.zaxxer.hikari.HikariDataSource       : HikariPool-1 - Start completed.
2021-05-28 16:33:59.963  INFO 6524 --- [main] org.hibernate.dialect.Dialect            : HHH000400: Using dialect: org.hibernate.dialect.MySQL8Dialect
2021-05-28 16:34:01.063  INFO 6524 --- [main] o.h.e.t.j.p.i.JtaPlatformInitiator       : HHH000490: Using JtaPlatform implementation: [org.hibernate.engine.transaction.jta.platform.internal.NoJtaPlatform]
2021-05-28 16:34:01.075  INFO 6524 --- [main] j.LocalContainerEntityManagerFactoryBean : Initialized JPA EntityManagerFactory for persistence unit 'default'
2021-05-28 16:34:02.656  WARN 6524 --- [main] JpaBaseConfiguration$JpaWebConfiguration : spring.jpa.open-in-view is enabled by default. Therefore, database queries may be performed during view rendering. Explicitly configure spring.jpa.open-in-view to disable this warning
2021-05-28 16:34:03.046  INFO 6524 --- [main] o.s.s.concurrent.ThreadPoolTaskExecutor  : Initializing ExecutorService 'applicationTaskExecutor'
2021-05-28 16:34:03.267  INFO 6524 --- [main] o.s.b.a.w.s.WelcomePageHandlerMapping    : Adding welcome page template: index
2021-05-28 16:34:03.920  INFO 6524 --- [main] com.jacky.TopicTests                     : Started TopicTests in 8.093 seconds (JVM running for 9.604)
2021-05-28 16:34:04.384  INFO 6524 --- [SpringContextShutdownHook] o.s.s.concurrent.ThreadPoolTaskExecutor  : Shutting down ExecutorService 'applicationTaskExecutor'
2021-05-28 16:34:04.388  INFO 6524 --- [SpringContextShutdownHook] j.LocalContainerEntityManagerFactoryBean : Closing JPA EntityManagerFactory for persistence unit 'default'
2021-05-28 16:34:04.392  INFO 6524 --- [SpringContextShutdownHook] com.zaxxer.hikari.HikariDataSource       : HikariPool-1 - Shutdown initiated...
2021-05-28 16:34:04.414  INFO 6524 --- [SpringContextShutdownHook] com.zaxxer.hikari.HikariDataSource       : HikariPool-1 - Shutdown completed.
2021-05-28 16:35:27.870  INFO 6432 --- [main] com.jacky.TopicTests                     : Starting TopicTests using Java 1.8.0_281 on LAPTOP-VJLT4RKG with PID 6432 (started by jacky in C:\project\code\java\spring-boot-demo)
2021-05-28 16:35:27.871 DEBUG 6432 --- [main] com.jacky.TopicTests                     : Running with Spring Boot v2.4.5, Spring v5.3.6
2021-05-28 16:35:27.872  INFO 6432 --- [main] com.jacky.TopicTests                     : The following profiles are active: dev
2021-05-28 16:35:28.699  INFO 6432 --- [main] .s.d.r.c.RepositoryConfigurationDelegate : Bootstrapping Spring Data JPA repositories in DEFAULT mode.
2021-05-28 16:35:28.830  INFO 6432 --- [main] .s.d.r.c.RepositoryConfigurationDelegate : Finished Spring Data repository scanning in 117 ms. Found 7 JPA repository interfaces.
2021-05-28 16:35:29.558  INFO 6432 --- [main] o.hibernate.jpa.internal.util.LogHelper  : HHH000204: Processing PersistenceUnitInfo [name: default]
2021-05-28 16:35:29.623  INFO 6432 --- [main] org.hibernate.Version                    : HHH000412: Hibernate ORM core version 5.4.30.Final
2021-05-28 16:35:29.797  INFO 6432 --- [main] o.hibernate.annotations.common.Version   : HCANN000001: Hibernate Commons Annotations {5.1.2.Final}
2021-05-28 16:35:30.291  INFO 6432 --- [main] com.zaxxer.hikari.HikariDataSource       : HikariPool-1 - Starting...
2021-05-28 16:35:31.157  INFO 6432 --- [main] com.zaxxer.hikari.HikariDataSource       : HikariPool-1 - Start completed.
2021-05-28 16:35:31.187  INFO 6432 --- [main] org.hibernate.dialect.Dialect            : HHH000400: Using dialect: org.hibernate.dialect.MySQL8Dialect
2021-05-28 16:35:32.325  INFO 6432 --- [main] o.h.e.t.j.p.i.JtaPlatformInitiator       : HHH000490: Using JtaPlatform implementation: [org.hibernate.engine.transaction.jta.platform.internal.NoJtaPlatform]
2021-05-28 16:35:32.335  INFO 6432 --- [main] j.LocalContainerEntityManagerFactoryBean : Initialized JPA EntityManagerFactory for persistence unit 'default'
2021-05-28 16:35:34.050  WARN 6432 --- [main] JpaBaseConfiguration$JpaWebConfiguration : spring.jpa.open-in-view is enabled by default. Therefore, database queries may be performed during view rendering. Explicitly configure spring.jpa.open-in-view to disable this warning
2021-05-28 16:35:34.444  INFO 6432 --- [main] o.s.s.concurrent.ThreadPoolTaskExecutor  : Initializing ExecutorService 'applicationTaskExecutor'
2021-05-28 16:35:34.732  INFO 6432 --- [main] o.s.b.a.w.s.WelcomePageHandlerMapping    : Adding welcome page template: index
2021-05-28 16:35:35.716  INFO 6432 --- [main] com.jacky.TopicTests                     : Started TopicTests in 8.359 seconds (JVM running for 9.992)
2021-05-28 16:35:36.192  INFO 6432 --- [SpringContextShutdownHook] o.s.s.concurrent.ThreadPoolTaskExecutor  : Shutting down ExecutorService 'applicationTaskExecutor'
2021-05-28 16:35:36.196  INFO 6432 --- [SpringContextShutdownHook] j.LocalContainerEntityManagerFactoryBean : Closing JPA EntityManagerFactory for persistence unit 'default'
2021-05-28 16:35:36.200  INFO 6432 --- [SpringContextShutdownHook] com.zaxxer.hikari.HikariDataSource       : HikariPool-1 - Shutdown initiated...
2021-05-28 16:35:36.223  INFO 6432 --- [SpringContextShutdownHook] com.zaxxer.hikari.HikariDataSource       : HikariPool-1 - Shutdown completed.
2021-05-28 16:38:25.813  INFO 1240 --- [main] com.jacky.TopicTests                     : Starting TopicTests using Java 1.8.0_281 on LAPTOP-VJLT4RKG with PID 1240 (started by jacky in C:\project\code\java\spring-boot-demo)
2021-05-28 16:38:25.814 DEBUG 1240 --- [main] com.jacky.TopicTests                     : Running with Spring Boot v2.4.5, Spring v5.3.6
2021-05-28 16:38:25.814  INFO 1240 --- [main] com.jacky.TopicTests                     : The following profiles are active: dev
2021-05-28 16:38:27.045  INFO 1240 --- [main] .s.d.r.c.RepositoryConfigurationDelegate : Bootstrapping Spring Data JPA repositories in DEFAULT mode.
2021-05-28 16:38:27.166  INFO 1240 --- [main] .s.d.r.c.RepositoryConfigurationDelegate : Finished Spring Data repository scanning in 110 ms. Found 7 JPA repository interfaces.
2021-05-28 16:38:27.904  INFO 1240 --- [main] o.hibernate.jpa.internal.util.LogHelper  : HHH000204: Processing PersistenceUnitInfo [name: default]
2021-05-28 16:38:27.969  INFO 1240 --- [main] org.hibernate.Version                    : HHH000412: Hibernate ORM core version 5.4.30.Final
2021-05-28 16:38:28.130  INFO 1240 --- [main] o.hibernate.annotations.common.Version   : HCANN000001: Hibernate Commons Annotations {5.1.2.Final}
2021-05-28 16:38:28.627  INFO 1240 --- [main] com.zaxxer.hikari.HikariDataSource       : HikariPool-1 - Starting...
2021-05-28 16:38:29.424  INFO 1240 --- [main] com.zaxxer.hikari.HikariDataSource       : HikariPool-1 - Start completed.
2021-05-28 16:38:29.453  INFO 1240 --- [main] org.hibernate.dialect.Dialect            : HHH000400: Using dialect: org.hibernate.dialect.MySQL8Dialect
2021-05-28 16:38:30.546  INFO 1240 --- [main] o.h.e.t.j.p.i.JtaPlatformInitiator       : HHH000490: Using JtaPlatform implementation: [org.hibernate.engine.transaction.jta.platform.internal.NoJtaPlatform]
2021-05-28 16:38:30.561  INFO 1240 --- [main] j.LocalContainerEntityManagerFactoryBean : Initialized JPA EntityManagerFactory for persistence unit 'default'
2021-05-28 16:38:32.486  WARN 1240 --- [main] JpaBaseConfiguration$JpaWebConfiguration : spring.jpa.open-in-view is enabled by default. Therefore, database queries may be performed during view rendering. Explicitly configure spring.jpa.open-in-view to disable this warning
2021-05-28 16:38:32.892  INFO 1240 --- [main] o.s.s.concurrent.ThreadPoolTaskExecutor  : Initializing ExecutorService 'applicationTaskExecutor'
2021-05-28 16:38:33.101  INFO 1240 --- [main] o.s.b.a.w.s.WelcomePageHandlerMapping    : Adding welcome page template: index
2021-05-28 16:38:33.835  INFO 1240 --- [main] com.jacky.TopicTests                     : Started TopicTests in 8.619 seconds (JVM running for 10.075)
2021-05-28 16:38:34.183  INFO 1240 --- [SpringContextShutdownHook] o.s.s.concurrent.ThreadPoolTaskExecutor  : Shutting down ExecutorService 'applicationTaskExecutor'
2021-05-28 16:38:34.188  INFO 1240 --- [SpringContextShutdownHook] j.LocalContainerEntityManagerFactoryBean : Closing JPA EntityManagerFactory for persistence unit 'default'
2021-05-28 16:38:34.190  INFO 1240 --- [SpringContextShutdownHook] com.zaxxer.hikari.HikariDataSource       : HikariPool-1 - Shutdown initiated...
2021-05-28 16:38:34.210  INFO 1240 --- [SpringContextShutdownHook] com.zaxxer.hikari.HikariDataSource       : HikariPool-1 - Shutdown completed.
2021-05-28 16:39:14.030  INFO 3928 --- [main] com.jacky.TopicTests                     : Starting TopicTests using Java 1.8.0_281 on LAPTOP-VJLT4RKG with PID 3928 (started by jacky in C:\project\code\java\spring-boot-demo)
2021-05-28 16:39:14.031 DEBUG 3928 --- [main] com.jacky.TopicTests                     : Running with Spring Boot v2.4.5, Spring v5.3.6
2021-05-28 16:39:14.031  INFO 3928 --- [main] com.jacky.TopicTests                     : The following profiles are active: dev
2021-05-28 16:39:15.109  INFO 3928 --- [main] .s.d.r.c.RepositoryConfigurationDelegate : Bootstrapping Spring Data JPA repositories in DEFAULT mode.
2021-05-28 16:39:15.212  INFO 3928 --- [main] .s.d.r.c.RepositoryConfigurationDelegate : Finished Spring Data repository scanning in 94 ms. Found 7 JPA repository interfaces.
2021-05-28 16:39:15.947  INFO 3928 --- [main] o.hibernate.jpa.internal.util.LogHelper  : HHH000204: Processing PersistenceUnitInfo [name: default]
2021-05-28 16:39:16.014  INFO 3928 --- [main] org.hibernate.Version                    : HHH000412: Hibernate ORM core version 5.4.30.Final
2021-05-28 16:39:16.182  INFO 3928 --- [main] o.hibernate.annotations.common.Version   : HCANN000001: Hibernate Commons Annotations {5.1.2.Final}
2021-05-28 16:39:16.682  INFO 3928 --- [main] com.zaxxer.hikari.HikariDataSource       : HikariPool-1 - Starting...
2021-05-28 16:39:17.501  INFO 3928 --- [main] com.zaxxer.hikari.HikariDataSource       : HikariPool-1 - Start completed.
2021-05-28 16:39:17.530  INFO 3928 --- [main] org.hibernate.dialect.Dialect            : HHH000400: Using dialect: org.hibernate.dialect.MySQL8Dialect
2021-05-28 16:39:18.607  INFO 3928 --- [main] o.h.e.t.j.p.i.JtaPlatformInitiator       : HHH000490: Using JtaPlatform implementation: [org.hibernate.engine.transaction.jta.platform.internal.NoJtaPlatform]
2021-05-28 16:39:18.622  INFO 3928 --- [main] j.LocalContainerEntityManagerFactoryBean : Initialized JPA EntityManagerFactory for persistence unit 'default'
2021-05-28 16:39:20.212  WARN 3928 --- [main] JpaBaseConfiguration$JpaWebConfiguration : spring.jpa.open-in-view is enabled by default. Therefore, database queries may be performed during view rendering. Explicitly configure spring.jpa.open-in-view to disable this warning
2021-05-28 16:39:20.592  INFO 3928 --- [main] o.s.s.concurrent.ThreadPoolTaskExecutor  : Initializing ExecutorService 'applicationTaskExecutor'
2021-05-28 16:39:20.792  INFO 3928 --- [main] o.s.b.a.w.s.WelcomePageHandlerMapping    : Adding welcome page template: index
2021-05-28 16:39:21.471  INFO 3928 --- [main] com.jacky.TopicTests                     : Started TopicTests in 7.937 seconds (JVM running for 9.378)
2021-05-28 16:39:21.920  INFO 3928 --- [SpringContextShutdownHook] o.s.s.concurrent.ThreadPoolTaskExecutor  : Shutting down ExecutorService 'applicationTaskExecutor'
2021-05-28 16:39:21.923  INFO 3928 --- [SpringContextShutdownHook] j.LocalContainerEntityManagerFactoryBean : Closing JPA EntityManagerFactory for persistence unit 'default'
2021-05-28 16:39:21.926  INFO 3928 --- [SpringContextShutdownHook] com.zaxxer.hikari.HikariDataSource       : HikariPool-1 - Shutdown initiated...
2021-05-28 16:39:21.951  INFO 3928 --- [SpringContextShutdownHook] com.zaxxer.hikari.HikariDataSource       : HikariPool-1 - Shutdown completed.
2021-05-28 16:40:50.620  INFO 3168 --- [main] com.jacky.TopicTests                     : Starting TopicTests using Java 1.8.0_281 on LAPTOP-VJLT4RKG with PID 3168 (started by jacky in C:\project\code\java\spring-boot-demo)
2021-05-28 16:40:50.621 DEBUG 3168 --- [main] com.jacky.TopicTests                     : Running with Spring Boot v2.4.5, Spring v5.3.6
2021-05-28 16:40:50.621  INFO 3168 --- [main] com.jacky.TopicTests                     : The following profiles are active: dev
2021-05-28 16:40:51.518  INFO 3168 --- [main] .s.d.r.c.RepositoryConfigurationDelegate : Bootstrapping Spring Data JPA repositories in DEFAULT mode.
2021-05-28 16:40:51.630  INFO 3168 --- [main] .s.d.r.c.RepositoryConfigurationDelegate : Finished Spring Data repository scanning in 101 ms. Found 7 JPA repository interfaces.
2021-05-28 16:40:52.339  INFO 3168 --- [main] o.hibernate.jpa.internal.util.LogHelper  : HHH000204: Processing PersistenceUnitInfo [name: default]
2021-05-28 16:40:52.402  INFO 3168 --- [main] org.hibernate.Version                    : HHH000412: Hibernate ORM core version 5.4.30.Final
2021-05-28 16:40:52.559  INFO 3168 --- [main] o.hibernate.annotations.common.Version   : HCANN000001: Hibernate Commons Annotations {5.1.2.Final}
2021-05-28 16:40:53.062  INFO 3168 --- [main] com.zaxxer.hikari.HikariDataSource       : HikariPool-1 - Starting...
2021-05-28 16:40:54.021  INFO 3168 --- [main] com.zaxxer.hikari.HikariDataSource       : HikariPool-1 - Start completed.
2021-05-28 16:40:54.054  INFO 3168 --- [main] org.hibernate.dialect.Dialect            : HHH000400: Using dialect: org.hibernate.dialect.MySQL8Dialect
2021-05-28 16:40:55.133  INFO 3168 --- [main] o.h.e.t.j.p.i.JtaPlatformInitiator       : HHH000490: Using JtaPlatform implementation: [org.hibernate.engine.transaction.jta.platform.internal.NoJtaPlatform]
2021-05-28 16:40:55.149  INFO 3168 --- [main] j.LocalContainerEntityManagerFactoryBean : Initialized JPA EntityManagerFactory for persistence unit 'default'
2021-05-28 16:40:56.815  WARN 3168 --- [main] JpaBaseConfiguration$JpaWebConfiguration : spring.jpa.open-in-view is enabled by default. Therefore, database queries may be performed during view rendering. Explicitly configure spring.jpa.open-in-view to disable this warning
2021-05-28 16:40:57.243  INFO 3168 --- [main] o.s.s.concurrent.ThreadPoolTaskExecutor  : Initializing ExecutorService 'applicationTaskExecutor'
2021-05-28 16:40:57.489  INFO 3168 --- [main] o.s.b.a.w.s.WelcomePageHandlerMapping    : Adding welcome page template: index
2021-05-28 16:40:58.157  INFO 3168 --- [main] com.jacky.TopicTests                     : Started TopicTests in 8.006 seconds (JVM running for 9.394)
2021-05-28 16:40:58.644  INFO 3168 --- [SpringContextShutdownHook] o.s.s.concurrent.ThreadPoolTaskExecutor  : Shutting down ExecutorService 'applicationTaskExecutor'
2021-05-28 16:40:58.649  INFO 3168 --- [SpringContextShutdownHook] j.LocalContainerEntityManagerFactoryBean : Closing JPA EntityManagerFactory for persistence unit 'default'
2021-05-28 16:40:58.652  INFO 3168 --- [SpringContextShutdownHook] com.zaxxer.hikari.HikariDataSource       : HikariPool-1 - Shutdown initiated...
2021-05-28 16:40:58.674  INFO 3168 --- [SpringContextShutdownHook] com.zaxxer.hikari.HikariDataSource       : HikariPool-1 - Shutdown completed.
2021-05-28 16:41:50.953  INFO 15284 --- [main] com.jacky.TopicTests                     : Starting TopicTests using Java 1.8.0_281 on LAPTOP-VJLT4RKG with PID 15284 (started by jacky in C:\project\code\java\spring-boot-demo)
2021-05-28 16:41:50.954 DEBUG 15284 --- [main] com.jacky.TopicTests                     : Running with Spring Boot v2.4.5, Spring v5.3.6
2021-05-28 16:41:50.954  INFO 15284 --- [main] com.jacky.TopicTests                     : The following profiles are active: dev
2021-05-28 16:41:51.995  INFO 15284 --- [main] .s.d.r.c.RepositoryConfigurationDelegate : Bootstrapping Spring Data JPA repositories in DEFAULT mode.
2021-05-28 16:41:52.093  INFO 15284 --- [main] .s.d.r.c.RepositoryConfigurationDelegate : Finished Spring Data repository scanning in 87 ms. Found 7 JPA repository interfaces.
2021-05-28 16:41:52.802  INFO 15284 --- [main] o.hibernate.jpa.internal.util.LogHelper  : HHH000204: Processing PersistenceUnitInfo [name: default]
2021-05-28 16:41:52.891  INFO 15284 --- [main] org.hibernate.Version                    : HHH000412: Hibernate ORM core version 5.4.30.Final
2021-05-28 16:41:53.065  INFO 15284 --- [main] o.hibernate.annotations.common.Version   : HCANN000001: Hibernate Commons Annotations {5.1.2.Final}
2021-05-28 16:41:53.562  INFO 15284 --- [main] com.zaxxer.hikari.HikariDataSource       : HikariPool-1 - Starting...
2021-05-28 16:41:54.382  INFO 15284 --- [main] com.zaxxer.hikari.HikariDataSource       : HikariPool-1 - Start completed.
2021-05-28 16:41:54.414  INFO 15284 --- [main] org.hibernate.dialect.Dialect            : HHH000400: Using dialect: org.hibernate.dialect.MySQL8Dialect
2021-05-28 16:41:55.461  INFO 15284 --- [main] o.h.e.t.j.p.i.JtaPlatformInitiator       : HHH000490: Using JtaPlatform implementation: [org.hibernate.engine.transaction.jta.platform.internal.NoJtaPlatform]
2021-05-28 16:41:55.474  INFO 15284 --- [main] j.LocalContainerEntityManagerFactoryBean : Initialized JPA EntityManagerFactory for persistence unit 'default'
2021-05-28 16:41:57.159  WARN 15284 --- [main] JpaBaseConfiguration$JpaWebConfiguration : spring.jpa.open-in-view is enabled by default. Therefore, database queries may be performed during view rendering. Explicitly configure spring.jpa.open-in-view to disable this warning
2021-05-28 16:41:57.565  INFO 15284 --- [main] o.s.s.concurrent.ThreadPoolTaskExecutor  : Initializing ExecutorService 'applicationTaskExecutor'
2021-05-28 16:41:57.788  INFO 15284 --- [main] o.s.b.a.w.s.WelcomePageHandlerMapping    : Adding welcome page template: index
2021-05-28 16:41:58.450  INFO 15284 --- [main] com.jacky.TopicTests                     : Started TopicTests in 7.969 seconds (JVM running for 9.363)
2021-05-28 16:41:58.837  INFO 15284 --- [SpringContextShutdownHook] o.s.s.concurrent.ThreadPoolTaskExecutor  : Shutting down ExecutorService 'applicationTaskExecutor'
2021-05-28 16:41:58.843  INFO 15284 --- [SpringContextShutdownHook] j.LocalContainerEntityManagerFactoryBean : Closing JPA EntityManagerFactory for persistence unit 'default'
2021-05-28 16:41:58.846  INFO 15284 --- [SpringContextShutdownHook] com.zaxxer.hikari.HikariDataSource       : HikariPool-1 - Shutdown initiated...
2021-05-28 16:41:58.870  INFO 15284 --- [SpringContextShutdownHook] com.zaxxer.hikari.HikariDataSource       : HikariPool-1 - Shutdown completed.
2021-05-28 16:48:49.533  INFO 9700 --- [main] com.jacky.TopicTests                     : Starting TopicTests using Java 1.8.0_281 on LAPTOP-VJLT4RKG with PID 9700 (started by jacky in C:\project\code\java\spring-boot-demo)
2021-05-28 16:48:49.534 DEBUG 9700 --- [main] com.jacky.TopicTests                     : Running with Spring Boot v2.4.5, Spring v5.3.6
2021-05-28 16:48:49.534  INFO 9700 --- [main] com.jacky.TopicTests                     : The following profiles are active: dev
2021-05-28 16:48:50.763  INFO 9700 --- [main] .s.d.r.c.RepositoryConfigurationDelegate : Bootstrapping Spring Data JPA repositories in DEFAULT mode.
2021-05-28 16:48:50.954  INFO 9700 --- [main] .s.d.r.c.RepositoryConfigurationDelegate : Finished Spring Data repository scanning in 174 ms. Found 7 JPA repository interfaces.
2021-05-28 16:48:51.842  INFO 9700 --- [main] o.hibernate.jpa.internal.util.LogHelper  : HHH000204: Processing PersistenceUnitInfo [name: default]
2021-05-28 16:48:51.910  INFO 9700 --- [main] org.hibernate.Version                    : HHH000412: Hibernate ORM core version 5.4.30.Final
2021-05-28 16:48:52.092  INFO 9700 --- [main] o.hibernate.annotations.common.Version   : HCANN000001: Hibernate Commons Annotations {5.1.2.Final}
2021-05-28 16:48:52.593  INFO 9700 --- [main] com.zaxxer.hikari.HikariDataSource       : HikariPool-1 - Starting...
2021-05-28 16:48:53.584  INFO 9700 --- [main] com.zaxxer.hikari.HikariDataSource       : HikariPool-1 - Start completed.
2021-05-28 16:48:53.621  INFO 9700 --- [main] org.hibernate.dialect.Dialect            : HHH000400: Using dialect: org.hibernate.dialect.MySQL8Dialect
2021-05-28 16:48:55.024  INFO 9700 --- [main] o.h.e.t.j.p.i.JtaPlatformInitiator       : HHH000490: Using JtaPlatform implementation: [org.hibernate.engine.transaction.jta.platform.internal.NoJtaPlatform]
2021-05-28 16:48:55.037  INFO 9700 --- [main] j.LocalContainerEntityManagerFactoryBean : Initialized JPA EntityManagerFactory for persistence unit 'default'
2021-05-28 16:48:56.748  WARN 9700 --- [main] JpaBaseConfiguration$JpaWebConfiguration : spring.jpa.open-in-view is enabled by default. Therefore, database queries may be performed during view rendering. Explicitly configure spring.jpa.open-in-view to disable this warning
2021-05-28 16:48:57.147  INFO 9700 --- [main] o.s.s.concurrent.ThreadPoolTaskExecutor  : Initializing ExecutorService 'applicationTaskExecutor'
2021-05-28 16:48:57.411  INFO 9700 --- [main] o.s.b.a.w.s.WelcomePageHandlerMapping    : Adding welcome page template: index
2021-05-28 16:48:58.195  INFO 9700 --- [main] com.jacky.TopicTests                     : Started TopicTests in 9.174 seconds (JVM running for 10.962)
2021-05-28 16:48:58.565  INFO 9700 --- [SpringContextShutdownHook] o.s.s.concurrent.ThreadPoolTaskExecutor  : Shutting down ExecutorService 'applicationTaskExecutor'
2021-05-28 16:48:58.568  INFO 9700 --- [SpringContextShutdownHook] j.LocalContainerEntityManagerFactoryBean : Closing JPA EntityManagerFactory for persistence unit 'default'
2021-05-28 16:48:58.572  INFO 9700 --- [SpringContextShutdownHook] com.zaxxer.hikari.HikariDataSource       : HikariPool-1 - Shutdown initiated...
2021-05-28 16:48:58.590  INFO 9700 --- [SpringContextShutdownHook] com.zaxxer.hikari.HikariDataSource       : HikariPool-1 - Shutdown completed.
